

::1 - - [22/Apr/2023:18:31:23 +0000] "POST /user/signup HTTP/1.1" 400 34 "-" "PostmanRuntime/7.32.2"
::1 - - [22/Apr/2023:18:32:26 +0000] "POST /user/signup HTTP/1.1" 200 465 "-" "PostmanRuntime/7.32.2"
::1 - - [22/Apr/2023:18:34:20 +0000] "POST /user/signup HTTP/1.1" 400 38 "-" "PostmanRuntime/7.32.2"
::1 - - [22/Apr/2023:18:35:53 +0000] "POST /user/signup HTTP/1.1" 400 38 "-" "PostmanRuntime/7.32.2"
::1 - - [22/Apr/2023:20:20:52 +0000] "POST /room/createRoom HTTP/1.1" 401 31 "-" "PostmanRuntime/7.32.2"
::1 - - [22/Apr/2023:20:20:55 +0000] "POST /room/createRoom HTTP/1.1" 401 31 "-" "PostmanRuntime/7.32.2"
::1 - - [22/Apr/2023:20:21:51 +0000] "POST /user/signup HTTP/1.1" 200 465 "-" "PostmanRuntime/7.32.2"
::1 - - [22/Apr/2023:20:22:13 +0000] "POST /room/createRoom HTTP/1.1" 401 31 "-" "PostmanRuntime/7.32.2"
::1 - - [22/Apr/2023:20:22:49 +0000] "POST /room/createRoom HTTP/1.1" 400 22 "-" "PostmanRuntime/7.32.2"
::1 - - [22/Apr/2023:20:25:42 +0000] "POST /room/createRoom HTTP/1.1" 400 91 "-" "PostmanRuntime/7.32.2"
::1 - - [22/Apr/2023:20:27:39 +0000] "POST /room/createRoom HTTP/1.1" 400 68 "-" "PostmanRuntime/7.32.2"
::1 - - [22/Apr/2023:20:28:23 +0000] "POST /room/createRoom HTTP/1.1" 400 68 "-" "PostmanRuntime/7.32.2"
::1 - - [22/Apr/2023:20:28:28 +0000] "POST /room/createRoom HTTP/1.1" 400 68 "-" "PostmanRuntime/7.32.2"
::1 - - [22/Apr/2023:20:28:29 +0000] "POST /room/createRoom HTTP/1.1" 400 68 "-" "PostmanRuntime/7.32.2"
::1 - - [22/Apr/2023:20:29:40 +0000] "POST /room/createRoom HTTP/1.1" 400 68 "-" "PostmanRuntime/7.32.2"
::1 - - [22/Apr/2023:20:30:02 +0000] "POST /room/createRoom HTTP/1.1" 400 68 "-" "PostmanRuntime/7.32.2"
::1 - - [22/Apr/2023:20:31:55 +0000] "POST /room/createRoom HTTP/1.1" 400 68 "-" "PostmanRuntime/7.32.2"
::1 - - [22/Apr/2023:20:32:03 +0000] "POST /room/createRoom HTTP/1.1" 400 25 "-" "PostmanRuntime/7.32.2"
::1 - - [22/Apr/2023:20:32:10 +0000] "POST /room/createRoom HTTP/1.1" 200 248 "-" "PostmanRuntime/7.32.2"
::1 - - [22/Apr/2023:20:33:07 +0000] "POST /room/createRoom HTTP/1.1" 400 68 "-" "PostmanRuntime/7.32.2"
::1 - - [22/Apr/2023:20:34:16 +0000] "POST /room/createRoom HTTP/1.1" 400 68 "-" "PostmanRuntime/7.32.2"
::1 - - [22/Apr/2023:20:36:54 +0000] "POST /room/createRoom HTTP/1.1" 400 56 "-" "PostmanRuntime/7.32.2"
::1 - - [23/Apr/2023:13:21:00 +0000] "POST /room/createRoom HTTP/1.1" 401 51 "-" "PostmanRuntime/7.32.2"
::1 - - [23/Apr/2023:13:22:20 +0000] "POST /user/login HTTP/1.1" 404 37 "-" "PostmanRuntime/7.32.2"
::1 - - [23/Apr/2023:13:22:31 +0000] "POST /user/signup HTTP/1.1" 500 - "-" "PostmanRuntime/7.32.2"
::1 - - [23/Apr/2023:13:22:36 +0000] "POST /user/signup HTTP/1.1" 400 38 "-" "PostmanRuntime/7.32.2"
::1 - - [23/Apr/2023:13:22:53 +0000] "POST /user/signup HTTP/1.1" 500 - "-" "PostmanRuntime/7.32.2"
::1 - - [23/Apr/2023:13:25:18 +0000] "POST /user/signup HTTP/1.1" 200 465 "-" "PostmanRuntime/7.32.2"
::1 - - [23/Apr/2023:13:27:42 +0000] "POST /room/createRoom HTTP/1.1" 400 56 "-" "PostmanRuntime/7.32.2"
::1 - - [23/Apr/2023:13:27:59 +0000] "POST /room/createRoom HTTP/1.1" 400 56 "-" "PostmanRuntime/7.32.2"
::1 - - [23/Apr/2023:13:28:43 +0000] "POST /room/createRoom HTTP/1.1" 500 - "-" "PostmanRuntime/7.32.2"
::1 - - [23/Apr/2023:13:29:44 +0000] "POST /room/createRoom HTTP/1.1" 200 234 "-" "PostmanRuntime/7.32.2"
::1 - - [23/Apr/2023:13:32:21 +0000] "POST /room/createRoom HTTP/1.1" 200 234 "-" "PostmanRuntime/7.32.2"
::1 - - [23/Apr/2023:13:33:19 +0000] "POST /room/createRoom HTTP/1.1" 200 234 "-" "PostmanRuntime/7.32.2"
::1 - - [23/Apr/2023:13:36:15 +0000] "POST /user/login HTTP/1.1" 200 264 "-" "PostmanRuntime/7.32.2"
::1 - - [23/Apr/2023:13:36:44 +0000] "POST /user/login HTTP/1.1" 200 264 "-" "PostmanRuntime/7.32.2"
::1 - - [23/Apr/2023:13:37:16 +0000] "POST /user/login HTTP/1.1" 200 264 "-" "PostmanRuntime/7.32.2"
::1 - - [23/Apr/2023:13:38:23 +0000] "POST /user/login HTTP/1.1" 404 37 "-" "PostmanRuntime/7.32.2"
::1 - - [23/Apr/2023:13:38:38 +0000] "POST /room/createRoom HTTP/1.1" 200 234 "-" "PostmanRuntime/7.32.2"
::1 - - [23/Apr/2023:13:38:59 +0000] "POST /room/createRoom HTTP/1.1" 200 234 "-" "PostmanRuntime/7.32.2"
::1 - - [23/Apr/2023:13:39:59 +0000] "POST /ruser/login HTTP/1.1" 404 151 "-" "PostmanRuntime/7.32.2"
::1 - - [23/Apr/2023:13:40:04 +0000] "POST /user/login HTTP/1.1" 200 264 "-" "PostmanRuntime/7.32.2"
::1 - - [23/Apr/2023:13:40:35 +0000] "POST /room/createRoom HTTP/1.1" 200 273 "-" "PostmanRuntime/7.32.2"
::1 - - [23/Apr/2023:13:51:13 +0000] "POST /room/createRoom HTTP/1.1" 500 - "-" "PostmanRuntime/7.32.2"
::1 - - [23/Apr/2023:13:55:12 +0000] "POST /room/createRoom HTTP/1.1" 500 - "-" "PostmanRuntime/7.32.2"
::1 - - [23/Apr/2023:13:56:02 +0000] "POST /room/createRoom HTTP/1.1" 500 - "-" "PostmanRuntime/7.32.2"
::1 - - [23/Apr/2023:13:56:55 +0000] "POST /user/login HTTP/1.1" 200 264 "-" "PostmanRuntime/7.32.2"
::1 - - [23/Apr/2023:14:00:01 +0000] "POST /room/createRoom HTTP/1.1" 500 - "-" "PostmanRuntime/7.32.2"
::1 - - [23/Apr/2023:14:00:34 +0000] "POST /room/createRoom HTTP/1.1" 500 - "-" "PostmanRuntime/7.32.2"
::1 - - [23/Apr/2023:14:06:19 +0000] "POST /user/login HTTP/1.1" 200 264 "-" "PostmanRuntime/7.32.2"
::1 - - [23/Apr/2023:14:07:43 +0000] "POST /user/login HTTP/1.1" 200 264 "-" "PostmanRuntime/7.32.2"
::1 - - [23/Apr/2023:14:08:02 +0000] "POST /room/createRoom HTTP/1.1" 200 273 "-" "PostmanRuntime/7.32.2"
::1 - - [23/Apr/2023:14:38:37 +0000] "POST /room/createRoom HTTP/1.1" 200 273 "-" "PostmanRuntime/7.32.2"
::1 - - [23/Apr/2023:14:39:16 +0000] "POST /room/createRoom HTTP/1.1" 500 - "-" "PostmanRuntime/7.32.2"
::1 - - [23/Apr/2023:16:05:32 +0000] "POST /room/getbyowner HTTP/1.1" 404 155 "-" "PostmanRuntime/7.32.2"
::1 - - [23/Apr/2023:16:06:55 +0000] "POST /room/getbyowner HTTP/1.1" 404 155 "-" "PostmanRuntime/7.32.2"
::1 - - [23/Apr/2023:16:07:07 +0000] "GET /room/getbyowner HTTP/1.1" 200 521 "-" "PostmanRuntime/7.32.2"
::1 - - [23/Apr/2023:16:12:45 +0000] "GET /room/getbyowner HTTP/1.1" 200 521 "-" "PostmanRuntime/7.32.2"
::1 - - [23/Apr/2023:16:14:36 +0000] "GET /room/getbyowner HTTP/1.1" 200 521 "-" "PostmanRuntime/7.32.2"
::1 - - [23/Apr/2023:16:14:43 +0000] "GET /room/getbyowner HTTP/1.1" 500 - "-" "PostmanRuntime/7.32.2"
::1 - - [23/Apr/2023:16:14:52 +0000] "GET /room/getbyowner HTTP/1.1" 200 521 "-" "PostmanRuntime/7.32.2"
::1 - - [23/Apr/2023:16:17:32 +0000] "GET /room/getbyowner HTTP/1.1" 200 222 "-" "PostmanRuntime/7.32.2"
::1 - - [23/Apr/2023:16:18:15 +0000] "DELETE /room/deleteroom HTTP/1.1" 200 38 "-" "PostmanRuntime/7.32.2"
::1 - - [23/Apr/2023:16:23:16 +0000] "GET /room/getbyowner HTTP/1.1" 200 222 "-" "PostmanRuntime/7.32.2"
::1 - - [23/Apr/2023:16:24:43 +0000] "PUT /room/updateroom HTTP/1.1" 400 23 "-" "PostmanRuntime/7.32.2"
::1 - - [23/Apr/2023:16:25:40 +0000] "PUT /room/updateroom HTTP/1.1" 200 92 "-" "PostmanRuntime/7.32.2"
::1 - - [23/Apr/2023:16:27:30 +0000] "PUT /user/signup HTTP/1.1" 404 150 "-" "PostmanRuntime/7.32.2"
::1 - - [23/Apr/2023:16:27:35 +0000] "POST /user/signup HTTP/1.1" 400 38 "-" "PostmanRuntime/7.32.2"
::1 - - [23/Apr/2023:16:27:42 +0000] "POST /user/signup HTTP/1.1" 500 - "-" "PostmanRuntime/7.32.2"
::1 - - [23/Apr/2023:16:28:37 +0000] "POST /user/signup HTTP/1.1" 200 457 "-" "PostmanRuntime/7.32.2"
::1 - - [23/Apr/2023:16:30:52 +0000] "POST /room/createRoom HTTP/1.1" 200 279 "-" "PostmanRuntime/7.32.2"
::1 - - [23/Apr/2023:16:31:46 +0000] "GET /room/getbyowner HTTP/1.1" 200 267 "-" "PostmanRuntime/7.32.2"
::1 - - [23/Apr/2023:16:32:26 +0000] "GET /room/getbyid HTTP/1.1" 200 265 "-" "PostmanRuntime/7.32.2"
::1 - - [23/Apr/2023:16:33:17 +0000] "PUT /room/updateroom HTTP/1.1" 400 66 "-" "PostmanRuntime/7.32.2"
::1 - - [23/Apr/2023:16:33:29 +0000] "PUT /room/updateroom HTTP/1.1" 400 26 "-" "PostmanRuntime/7.32.2"
::1 - - [23/Apr/2023:16:33:36 +0000] "PUT /room/updateroom HTTP/1.1" 200 92 "-" "PostmanRuntime/7.32.2"
::1 - - [23/Apr/2023:16:34:07 +0000] "DELETE /room/deleteroom HTTP/1.1" 200 38 "-" "PostmanRuntime/7.32.2"
::1 - - [05/May/2023:12:59:28 +0000] "DELETE /user/login HTTP/1.1" 404 152 "-" "PostmanRuntime/7.32.2"
::1 - - [05/May/2023:12:59:44 +0000] "POST /user/login HTTP/1.1" 401 51 "-" "PostmanRuntime/7.32.2"
::1 - - [05/May/2023:13:00:05 +0000] "POST /user/login HTTP/1.1" 401 51 "-" "PostmanRuntime/7.32.2"
::1 - - [05/May/2023:13:00:12 +0000] "POST /user/login HTTP/1.1" 401 51 "-" "PostmanRuntime/7.32.2"
::1 - - [05/May/2023:13:00:19 +0000] "POST /user/login HTTP/1.1" 401 51 "-" "PostmanRuntime/7.32.2"
::1 - - [05/May/2023:13:00:24 +0000] "POST /user/login HTTP/1.1" 401 51 "-" "PostmanRuntime/7.32.2"
::1 - - [05/May/2023:13:00:40 +0000] "POST /user/login HTTP/1.1" 401 51 "-" "PostmanRuntime/7.32.2"
::1 - - [05/May/2023:13:00:45 +0000] "POST /user/login HTTP/1.1" 401 51 "-" "PostmanRuntime/7.32.2"
::1 - - [05/May/2023:13:00:51 +0000] "POST /user/login HTTP/1.1" 401 51 "-" "PostmanRuntime/7.32.2"
::1 - - [05/May/2023:13:02:17 +0000] "POST /user/signup HTTP/1.1" 400 34 "-" "PostmanRuntime/7.32.2"
::1 - - [05/May/2023:13:02:45 +0000] "POST /user/signup HTTP/1.1" 200 457 "-" "PostmanRuntime/7.32.2"
::1 - - [05/May/2023:13:04:54 +0000] "POST /room/createRoom HTTP/1.1" 200 273 "-" "PostmanRuntime/7.32.2"
::1 - - [05/May/2023:13:06:47 +0000] "PUT /room/updateroom HTTP/1.1" 200 92 "-" "PostmanRuntime/7.32.2"
::1 - - [05/May/2023:13:07:08 +0000] "PUT /room/updateroom HTTP/1.1" 200 92 "-" "PostmanRuntime/7.32.2"
::1 - - [05/May/2023:13:07:37 +0000] "PUT /room/deleteroom HTTP/1.1" 404 154 "-" "PostmanRuntime/7.32.2"
::1 - - [05/May/2023:13:07:41 +0000] "DELETE /room/deleteroom HTTP/1.1" 200 38 "-" "PostmanRuntime/7.32.2"
::1 - - [05/May/2023:13:07:49 +0000] "DELETE /room/deleteroom HTTP/1.1" 200 38 "-" "PostmanRuntime/7.32.2"
::1 - - [05/May/2023:14:14:02 +0000] "POST /user/login HTTP/1.1" 404 37 "-" "PostmanRuntime/7.32.2"
::1 - - [05/May/2023:14:14:12 +0000] "POST /user/login HTTP/1.1" 200 258 "-" "PostmanRuntime/7.32.2"
::1 - - [05/May/2023:14:16:17 +0000] "POST /room/createRoom HTTP/1.1" 200 275 "-" "PostmanRuntime/7.32.2"
::1 - - [05/May/2023:14:21:32 +0000] "POST /user/login HTTP/1.1" 200 258 "-" "PostmanRuntime/7.32.2"
::1 - - [05/May/2023:14:22:46 +0000] "POST /images/uploadImg HTTP/1.1" 200 154 "-" "PostmanRuntime/7.32.2"
::1 - - [05/May/2023:14:23:45 +0000] "DELETE /images/deleteImg HTTP/1.1" 200 38 "-" "PostmanRuntime/7.32.2"
::1 - - [07/May/2023:15:55:11 +0000] "POST /images/deleteImg HTTP/1.1" 404 156 "-" "PostmanRuntime/7.32.2"
::1 - - [07/May/2023:16:06:55 +0000] "POST /images/uploadImg HTTP/1.1" 401 51 "-" "PostmanRuntime/7.32.2"
::1 - - [07/May/2023:16:07:35 +0000] "POST /user/login HTTP/1.1" 401 49 "-" "PostmanRuntime/7.32.2"
::1 - - [07/May/2023:16:07:48 +0000] "POST /user/login HTTP/1.1" 200 258 "-" "PostmanRuntime/7.32.2"
::1 - - [07/May/2023:16:08:06 +0000] "POST /images/uploadImg HTTP/1.1" 500 - "-" "PostmanRuntime/7.32.2"
::1 - - [07/May/2023:16:08:12 +0000] "POST /images/uploadImg HTTP/1.1" 500 - "-" "PostmanRuntime/7.32.2"
::1 - - [07/May/2023:16:08:32 +0000] "POST /images/uploadImg HTTP/1.1" 500 - "-" "PostmanRuntime/7.32.2"
::1 - - [07/May/2023:16:09:10 +0000] "POST /images/uploadImg HTTP/1.1" 500 - "-" "PostmanRuntime/7.32.2"
::1 - - [07/May/2023:16:20:37 +0000] "POST /images/uploadImg HTTP/1.1" 500 67 "-" "PostmanRuntime/7.32.2"
::1 - - [07/May/2023:16:21:22 +0000] "POST /images/uploadImg HTTP/1.1" 200 87 "-" "PostmanRuntime/7.32.2"
::1 - - [07/May/2023:16:25:04 +0000] "POST /images/uploadImg HTTP/1.1" 200 88 "-" "PostmanRuntime/7.32.2"
::1 - - [07/May/2023:16:25:53 +0000] "POST /images/uploadImg HTTP/1.1" 200 88 "-" "PostmanRuntime/7.32.2"
::1 - - [07/May/2023:16:28:43 +0000] "POST /images/uploadImg HTTP/1.1" 500 66 "-" "PostmanRuntime/7.32.2"
::1 - - [07/May/2023:16:29:00 +0000] "POST /images/uploadImg HTTP/1.1" 500 71 "-" "PostmanRuntime/7.32.2"
::1 - - [07/May/2023:16:29:23 +0000] "POST /images/uploadImg HTTP/1.1" 500 71 "-" "PostmanRuntime/7.32.2"
::1 - - [07/May/2023:16:34:16 +0000] "POST /images/uploadImg HTTP/1.1" 200 88 "-" "PostmanRuntime/7.32.2"
::1 - - [07/May/2023:16:35:30 +0000] "POST /images/uploadImg HTTP/1.1" 400 55 "-" "PostmanRuntime/7.32.2"
::1 - - [07/May/2023:16:39:07 +0000] "POST /images/uploadImg HTTP/1.1" 200 88 "-" "PostmanRuntime/7.32.2"
::1 - - [07/May/2023:16:39:46 +0000] "POST /images/uploadImg HTTP/1.1" 200 325 "-" "PostmanRuntime/7.32.2"
::1 - - [07/May/2023:16:40:50 +0000] "POST /images/uploadImg HTTP/1.1" 200 303 "-" "PostmanRuntime/7.32.2"
::1 - - [07/May/2023:18:14:30 +0000] "POST /images/uploadImg HTTP/1.1" 200 303 "-" "PostmanRuntime/7.32.2"
::1 - - [07/May/2023:18:16:15 +0000] "POST /images/uploadImg HTTP/1.1" 500 252 "-" "PostmanRuntime/7.32.2"
::1 - - [07/May/2023:18:17:09 +0000] "POST /images/uploadImg HTTP/1.1" 200 303 "-" "PostmanRuntime/7.32.2"
::1 - - [07/May/2023:18:18:37 +0000] "POST /images/uploadImg HTTP/1.1" 200 303 "-" "PostmanRuntime/7.32.2"
::1 - - [07/May/2023:18:27:59 +0000] "POST /images/uploadImg HTTP/1.1" 200 303 "-" "PostmanRuntime/7.32.2"
::1 - - [07/May/2023:18:28:56 +0000] "POST /images/uploadImg HTTP/1.1" 200 303 "-" "PostmanRuntime/7.32.2"
::1 - - [07/May/2023:18:30:03 +0000] "POST /images/uploadImg HTTP/1.1" 200 303 "-" "PostmanRuntime/7.32.2"
::1 - - [07/May/2023:18:38:28 +0000] "POST /images/uploadImg HTTP/1.1" 500 85 "-" "PostmanRuntime/7.32.2"
::1 - - [07/May/2023:18:38:55 +0000] "POST /images/uploadImg HTTP/1.1" 500 151 "-" "PostmanRuntime/7.32.2"
::1 - - [07/May/2023:18:39:11 +0000] "POST /images/uploadImg HTTP/1.1" 500 151 "-" "PostmanRuntime/7.32.2"
::1 - - [07/May/2023:18:41:40 +0000] "POST /images/uploadImg HTTP/1.1" 500 151 "-" "PostmanRuntime/7.32.2"
::1 - - [07/May/2023:18:42:05 +0000] "POST /images/uploadImg HTTP/1.1" 500 151 "-" "PostmanRuntime/7.32.2"
::1 - - [07/May/2023:18:42:33 +0000] "POST /images/uploadImg HTTP/1.1" 500 151 "-" "PostmanRuntime/7.32.2"
::1 - - [07/May/2023:18:43:23 +0000] "POST /images/uploadImg HTTP/1.1" 500 103 "-" "PostmanRuntime/7.32.2"
::1 - - [07/May/2023:18:43:37 +0000] "POST /images/uploadImg HTTP/1.1" 500 103 "-" "PostmanRuntime/7.32.2"
::1 - - [07/May/2023:18:43:51 +0000] "POST /images/uploadImg HTTP/1.1" 500 103 "-" "PostmanRuntime/7.32.2"
::1 - - [07/May/2023:18:43:53 +0000] "POST /images/uploadImg HTTP/1.1" 500 103 "-" "PostmanRuntime/7.32.2"
::1 - - [07/May/2023:18:44:34 +0000] "POST /images/uploadImg HTTP/1.1" 200 303 "-" "PostmanRuntime/7.32.2"
::1 - - [07/May/2023:18:45:35 +0000] "POST /images/uploadImg HTTP/1.1" 200 303 "-" "PostmanRuntime/7.32.2"
::1 - - [07/May/2023:18:46:27 +0000] "POST /images/uploadImg HTTP/1.1" 500 103 "-" "PostmanRuntime/7.32.2"
::1 - - [07/May/2023:18:47:21 +0000] "POST /images/uploadImg HTTP/1.1" 200 303 "-" "PostmanRuntime/7.32.2"
